<?xml version="1.0" encoding="UTF-8"?>
<!-- Generated by org.testng.reporters.JUnitReportReporter -->
<testsuite skipped="0" hostname="DESKTOP-EOII60T" name="testcases.HealthInsurancelist" tests="2" failures="0" timestamp="2021-05-23T09:21:40 IST" time="6.617" errors="0">
  <testcase name="gethealthmenu" time="0.986" classname="testcases.HealthInsurancelist"/>
  <system-out/>
  <testcase name="close" time="5.631" classname="testcases.HealthInsurancelist"/>
  <system-out/>
</testsuite> <!-- testcases.HealthInsurancelist -->
