<?xml version="1.0" encoding="UTF-8"?>
<!-- Generated by org.testng.reporters.JUnitReportReporter -->
<testsuite skipped="0" hostname="DESKTOP-EOII60T" name="testcases.TravelInsuranceDetails" tests="10" failures="0" timestamp="2021-05-23T09:21:40 IST" time="27.628" errors="0">
  <testcase name="opentravelinsurancepage" time="14.007" classname="testcases.TravelInsuranceDetails"/>
  <system-out/>
  <testcase name="student" time="1.637" classname="testcases.TravelInsuranceDetails"/>
  <system-out/>
  <testcase name="dest" time="0.668" classname="testcases.TravelInsuranceDetails"/>
  <system-out/>
  <testcase name="age" time="0.564" classname="testcases.TravelInsuranceDetails"/>
  <system-out/>
  <testcase name="start" time="0.818" classname="testcases.TravelInsuranceDetails"/>
  <system-out/>
  <testcase name="click" time="0.330" classname="testcases.TravelInsuranceDetails"/>
  <system-out/>
  <testcase name="fill" time="1.565" classname="testcases.TravelInsuranceDetails"/>
  <system-out/>
  <testcase name="sort" time="5.422" classname="testcases.TravelInsuranceDetails"/>
  <system-out/>
  <testcase name="productdetails" time="0.542" classname="testcases.TravelInsuranceDetails"/>
  <system-out/>
  <testcase name="close" time="2.075" classname="testcases.TravelInsuranceDetails"/>
  <system-out/>
</testsuite> <!-- testcases.TravelInsuranceDetails -->
