<?xml version="1.0" encoding="UTF-8"?>
<!-- Generated by org.testng.reporters.JUnitReportReporter -->
<testsuite skipped="0" hostname="DESKTOP-EOII60T" name="testcases.CarInsuranceErrorMessage" tests="11" failures="0" timestamp="2021-05-23T09:21:40 IST" time="11.303" errors="0">
  <testcase name="clickcarbutton" time="0.329" classname="testcases.CarInsuranceErrorMessage"/>
  <system-out/>
  <testcase name="proceed" time="0.867" classname="testcases.CarInsuranceErrorMessage"/>
  <system-out/>
  <testcase name="city" time="0.612" classname="testcases.CarInsuranceErrorMessage"/>
  <system-out/>
  <testcase name="carbrand" time="0.513" classname="testcases.CarInsuranceErrorMessage"/>
  <system-out/>
  <testcase name="carmodel" time="0.353" classname="testcases.CarInsuranceErrorMessage"/>
  <system-out/>
  <testcase name="type" time="0.390" classname="testcases.CarInsuranceErrorMessage"/>
  <system-out/>
  <testcase name="varient" time="0.335" classname="testcases.CarInsuranceErrorMessage"/>
  <system-out/>
  <testcase name="year" time="0.279" classname="testcases.CarInsuranceErrorMessage"/>
  <system-out/>
  <testcase name="filldetails" time="1.043" classname="testcases.CarInsuranceErrorMessage"/>
  <system-out/>
  <testcase name="screenshot" time="0.339" classname="testcases.CarInsuranceErrorMessage"/>
  <system-out/>
  <testcase name="close" time="6.243" classname="testcases.CarInsuranceErrorMessage"/>
  <system-out/>
</testsuite> <!-- testcases.CarInsuranceErrorMessage -->
