<?xml version="1.0" encoding="UTF-8"?>
<!-- Generated by org.testng.reporters.JUnitReportReporter -->
<testsuite skipped="0" hostname="DESKTOP-EOII60T" name="util.WriteExcel" tests="1" failures="0" timestamp="2021-05-23T09:14:39 IST" time="0.243" errors="0">
  <testcase name="writeproducts" time="0.243" classname="util.WriteExcel"/>
  <system-out/>
</testsuite> <!-- util.WriteExcel -->
